c:\users\whitesou\onedrive - cuc.edu.cn\cloud cuc rescources\大二\14.计算机图形学\homework\lesson-8\sphere(1)(1)\sphere\debug\sphere.pch
c:\users\whitesou\onedrive - cuc.edu.cn\cloud cuc rescources\大二\14.计算机图形学\homework\lesson-8\sphere(1)(1)\sphere\debug\vc143.pdb
c:\users\whitesou\onedrive - cuc.edu.cn\cloud cuc rescources\大二\14.计算机图形学\homework\lesson-8\sphere(1)(1)\sphere\debug\vc143.idb
c:\users\whitesou\onedrive - cuc.edu.cn\cloud cuc rescources\大二\14.计算机图形学\homework\lesson-8\sphere(1)(1)\sphere\debug\stdafx.obj
c:\users\whitesou\onedrive - cuc.edu.cn\cloud cuc rescources\大二\14.计算机图形学\homework\lesson-8\sphere(1)(1)\sphere\debug\formcommandview.obj
c:\users\whitesou\onedrive - cuc.edu.cn\cloud cuc rescources\大二\14.计算机图形学\homework\lesson-8\sphere(1)(1)\sphere\debug\glm.obj
c:\users\whitesou\onedrive - cuc.edu.cn\cloud cuc rescources\大二\14.计算机图形学\homework\lesson-8\sphere(1)(1)\sphere\debug\mainfrm.obj
c:\users\whitesou\onedrive - cuc.edu.cn\cloud cuc rescources\大二\14.计算机图形学\homework\lesson-8\sphere(1)(1)\sphere\debug\sphere.obj
c:\users\whitesou\onedrive - cuc.edu.cn\cloud cuc rescources\大二\14.计算机图形学\homework\lesson-8\sphere(1)(1)\sphere\debug\spheredoc.obj
c:\users\whitesou\onedrive - cuc.edu.cn\cloud cuc rescources\大二\14.计算机图形学\homework\lesson-8\sphere(1)(1)\sphere\debug\sphereview.obj
c:\users\whitesou\onedrive - cuc.edu.cn\cloud cuc rescources\大二\14.计算机图形学\homework\lesson-8\sphere(1)(1)\sphere\debug\openglview.obj
c:\users\whitesou\onedrive - cuc.edu.cn\cloud cuc rescources\大二\14.计算机图形学\homework\lesson-8\sphere(1)(1)\sphere\debug\sphere.ilk
c:\users\whitesou\onedrive - cuc.edu.cn\cloud cuc rescources\大二\14.计算机图形学\homework\lesson-8\sphere(1)(1)\sphere\debug\sphere.exe
c:\users\whitesou\onedrive - cuc.edu.cn\cloud cuc rescources\大二\14.计算机图形学\homework\lesson-8\sphere(1)(1)\sphere\debug\sphere.pdb
c:\users\whitesou\onedrive - cuc.edu.cn\cloud cuc rescources\大二\14.计算机图形学\homework\lesson-8\sphere(1)(1)\sphere\debug\sphere.res
c:\users\whitesou\onedrive - cuc.edu.cn\cloud cuc rescources\大二\14.计算机图形学\homework\lesson-8\2021208073003-董佩航-8-地形纹理\sphere\debug\formcommandview.obj
c:\users\whitesou\onedrive - cuc.edu.cn\cloud cuc rescources\大二\14.计算机图形学\homework\lesson-8\2021208073003-董佩航-8-地形纹理\sphere\debug\glm.obj
c:\users\whitesou\onedrive - cuc.edu.cn\cloud cuc rescources\大二\14.计算机图形学\homework\lesson-8\2021208073003-董佩航-8-地形纹理\sphere\debug\mainfrm.obj
c:\users\whitesou\onedrive - cuc.edu.cn\cloud cuc rescources\大二\14.计算机图形学\homework\lesson-8\2021208073003-董佩航-8-地形纹理\sphere\debug\openglview.obj
c:\users\whitesou\onedrive - cuc.edu.cn\cloud cuc rescources\大二\14.计算机图形学\homework\lesson-8\2021208073003-董佩航-8-地形纹理\sphere\debug\sphere.obj
c:\users\whitesou\onedrive - cuc.edu.cn\cloud cuc rescources\大二\14.计算机图形学\homework\lesson-8\2021208073003-董佩航-8-地形纹理\sphere\debug\spheredoc.obj
c:\users\whitesou\onedrive - cuc.edu.cn\cloud cuc rescources\大二\14.计算机图形学\homework\lesson-8\2021208073003-董佩航-8-地形纹理\sphere\debug\sphereview.obj
c:\users\whitesou\onedrive - cuc.edu.cn\cloud cuc rescources\大二\14.计算机图形学\homework\lesson-8\2021208073003-董佩航-8-地形纹理\sphere\debug\stdafx.obj
c:\users\whitesou\onedrive - cuc.edu.cn\cloud cuc rescources\大二\14.计算机图形学\homework\lesson-8\2021208073003-董佩航-8-地形纹理\sphere\debug\sphere.ilk
c:\users\whitesou\onedrive - cuc.edu.cn\cloud cuc rescources\大二\14.计算机图形学\homework\lesson-8\2021208073003-董佩航-8-地形纹理\sphere\debug\sphere.res
c:\users\whitesou\onedrive - cuc.edu.cn\cloud cuc rescources\大二\14.计算机图形学\homework\lesson-8\2021208073003-董佩航-8-地形纹理\sphere\debug\sphere.pch
c:\users\whitesou\onedrive - cuc.edu.cn\cloud cuc rescources\大二\14.计算机图形学\homework\lesson-8\2021208073003-董佩航-8-地形纹理\sphere\debug\vc143.idb
c:\users\whitesou\onedrive - cuc.edu.cn\cloud cuc rescources\大二\14.计算机图形学\homework\lesson-8\2021208073003-董佩航-8-地形纹理\sphere\debug\sphere.pdb
c:\users\whitesou\onedrive - cuc.edu.cn\cloud cuc rescources\大二\14.计算机图形学\homework\lesson-8\2021208073003-董佩航-8-地形纹理\sphere\debug\vc143.pdb
c:\users\whitesou\onedrive - cuc.edu.cn\cloud cuc rescources\大二\14.计算机图形学\homework\lesson-8\2021208073003-董佩航-8-地形纹理\sphere\debug\sphere.exe
c:\users\whitesou\onedrive - cuc.edu.cn\cloud cuc rescources\大二\14.计算机图形学\homework\lesson-8\2021208073003-董佩航-8-地形纹理\sphere\debug\sphere.tlog\cl.command.1.tlog
c:\users\whitesou\onedrive - cuc.edu.cn\cloud cuc rescources\大二\14.计算机图形学\homework\lesson-8\2021208073003-董佩航-8-地形纹理\sphere\debug\sphere.tlog\cl.items.tlog
c:\users\whitesou\onedrive - cuc.edu.cn\cloud cuc rescources\大二\14.计算机图形学\homework\lesson-8\2021208073003-董佩航-8-地形纹理\sphere\debug\sphere.tlog\cl.read.1.tlog
c:\users\whitesou\onedrive - cuc.edu.cn\cloud cuc rescources\大二\14.计算机图形学\homework\lesson-8\2021208073003-董佩航-8-地形纹理\sphere\debug\sphere.tlog\cl.write.1.tlog
c:\users\whitesou\onedrive - cuc.edu.cn\cloud cuc rescources\大二\14.计算机图形学\homework\lesson-8\2021208073003-董佩航-8-地形纹理\sphere\debug\sphere.tlog\link.command.1.tlog
c:\users\whitesou\onedrive - cuc.edu.cn\cloud cuc rescources\大二\14.计算机图形学\homework\lesson-8\2021208073003-董佩航-8-地形纹理\sphere\debug\sphere.tlog\link.read.1.tlog
c:\users\whitesou\onedrive - cuc.edu.cn\cloud cuc rescources\大二\14.计算机图形学\homework\lesson-8\2021208073003-董佩航-8-地形纹理\sphere\debug\sphere.tlog\link.write.1.tlog
c:\users\whitesou\onedrive - cuc.edu.cn\cloud cuc rescources\大二\14.计算机图形学\homework\lesson-8\2021208073003-董佩航-8-地形纹理\sphere\debug\sphere.tlog\rc.command.1.tlog
c:\users\whitesou\onedrive - cuc.edu.cn\cloud cuc rescources\大二\14.计算机图形学\homework\lesson-8\2021208073003-董佩航-8-地形纹理\sphere\debug\sphere.tlog\rc.read.1.tlog
c:\users\whitesou\onedrive - cuc.edu.cn\cloud cuc rescources\大二\14.计算机图形学\homework\lesson-8\2021208073003-董佩航-8-地形纹理\sphere\debug\sphere.tlog\rc.write.1.tlog
